TN:
SF:controllers\matchController.js
FN:9,(anonymous_0)
FN:86,(anonymous_1)
FN:149,(anonymous_2)
FN:320,(anonymous_3)
FN:356,(anonymous_4)
FN:393,(anonymous_5)
FN:409,(anonymous_6)
FN:410,(anonymous_7)
FN:450,(anonymous_8)
FN:471,(anonymous_9)
FNF:10
FNH:10
FNDA:6,(anonymous_0)
FNDA:6,(anonymous_1)
FNDA:7,(anonymous_2)
FNDA:4,(anonymous_3)
FNDA:6,(anonymous_4)
FNDA:4,(anonymous_5)
FNDA:2,(anonymous_6)
FNDA:2,(anonymous_7)
FNDA:1,(anonymous_8)
FNDA:4,(anonymous_9)
DA:1,1
DA:2,1
DA:3,1
DA:4,1
DA:5,1
DA:10,6
DA:11,6
DA:16,6
DA:31,6
DA:32,1
DA:36,5
DA:37,2
DA:43,3
DA:60,3
DA:61,2
DA:62,2
DA:64,1
DA:65,1
DA:67,1
DA:76,1
DA:80,3
DA:82,3
DA:87,6
DA:88,6
DA:93,6
DA:108,6
DA:109,1
DA:112,5
DA:113,2
DA:117,3
DA:133,3
DA:134,2
DA:135,2
DA:136,2
DA:137,2
DA:138,2
DA:139,1
DA:143,3
DA:145,3
DA:150,7
DA:151,7
DA:152,7
DA:154,7
DA:155,1
DA:158,6
DA:159,6
DA:160,1
DA:164,5
DA:167,5
DA:170,5
DA:173,5
DA:174,1
DA:175,0
DA:177,1
DA:182,5
DA:183,2
DA:185,2
DA:187,2
DA:195,1
DA:198,1
DA:206,1
DA:207,1
DA:209,1
DA:213,1
DA:214,1
DA:219,4
DA:220,2
DA:242,1
DA:249,2
DA:250,2
DA:251,2
DA:254,2
DA:273,2
DA:298,2
DA:299,2
DA:300,2
DA:302,2
DA:315,4
DA:316,4
DA:321,4
DA:322,4
DA:323,4
DA:324,4
DA:325,1
DA:327,3
DA:342,2
DA:343,1
DA:345,1
DA:351,3
DA:352,3
DA:357,6
DA:358,6
DA:360,6
DA:361,1
DA:364,5
DA:365,5
DA:366,1
DA:371,4
DA:372,4
DA:381,1
DA:384,3
DA:385,1
DA:389,2
DA:393,2
DA:394,4
DA:395,4
DA:398,2
DA:404,2
DA:406,2
DA:408,2
DA:409,2
DA:411,2
DA:412,2
DA:414,2
DA:415,2
DA:416,2
DA:433,2
DA:435,2
DA:437,2
DA:449,1
DA:450,1
DA:452,1
DA:455,1
DA:456,1
DA:459,2
DA:467,4
DA:472,4
DA:473,4
DA:476,4
DA:478,4
DA:480,4
DA:481,1
DA:486,4
DA:507,4
DA:508,4
DA:511,4
DA:512,2
DA:513,2
DA:514,2
DA:516,2
DA:517,2
DA:519,2
DA:520,2
DA:521,2
DA:523,2
DA:537,2
DA:539,1
DA:551,1
DA:556,1
LF:149
LH:148
BRDA:31,0,0,1
BRDA:31,0,1,5
BRDA:36,1,0,2
BRDA:36,1,1,3
BRDA:36,2,0,5
BRDA:36,2,1,1
BRDA:36,2,2,4
BRDA:108,3,0,1
BRDA:108,3,1,5
BRDA:112,4,0,2
BRDA:112,4,1,3
BRDA:112,5,0,5
BRDA:112,5,1,1
BRDA:112,5,2,4
BRDA:154,6,0,1
BRDA:154,6,1,6
BRDA:154,7,0,7
BRDA:154,7,1,6
BRDA:159,8,0,1
BRDA:159,8,1,5
BRDA:167,9,0,5
BRDA:167,9,1,4
BRDA:167,9,2,2
BRDA:167,9,3,2
BRDA:173,10,0,1
BRDA:173,10,1,4
BRDA:173,11,0,5
BRDA:173,11,1,1
BRDA:174,12,0,0
BRDA:174,12,1,1
BRDA:182,13,0,2
BRDA:182,13,1,3
BRDA:187,14,0,1
BRDA:187,14,1,1
BRDA:188,15,0,2
BRDA:188,15,1,2
BRDA:188,15,2,1
BRDA:188,15,3,1
BRDA:188,15,4,1
BRDA:188,15,5,1
BRDA:219,16,0,2
BRDA:219,16,1,2
BRDA:249,17,0,2
BRDA:249,17,1,0
BRDA:250,18,0,2
BRDA:250,18,1,1
BRDA:324,19,0,1
BRDA:324,19,1,3
BRDA:324,20,0,4
BRDA:324,20,1,3
BRDA:342,21,0,1
BRDA:342,21,1,1
BRDA:360,22,0,1
BRDA:360,22,1,5
BRDA:360,23,0,6
BRDA:360,23,1,6
BRDA:365,24,0,1
BRDA:365,24,1,4
BRDA:375,25,0,4
BRDA:375,25,1,0
BRDA:384,26,0,1
BRDA:384,26,1,2
BRDA:384,27,0,3
BRDA:384,27,1,2
BRDA:414,28,0,2
BRDA:414,28,1,0
BRDA:414,29,0,2
BRDA:414,29,1,2
BRDA:414,29,2,2
BRDA:415,30,0,2
BRDA:415,30,1,0
BRDA:420,31,0,2
BRDA:420,31,1,1
BRDA:421,32,0,2
BRDA:421,32,1,1
BRDA:424,33,0,2
BRDA:424,33,1,1
BRDA:425,34,0,2
BRDA:425,34,1,2
BRDA:435,35,0,2
BRDA:435,35,1,0
BRDA:476,36,0,4
BRDA:476,36,1,3
BRDA:476,36,2,2
BRDA:480,37,0,1
BRDA:480,37,1,3
BRDA:511,38,0,2
BRDA:511,38,1,2
BRDA:512,39,0,2
BRDA:512,39,1,1
BRDA:513,40,0,2
BRDA:513,40,1,1
BRF:92
BRH:86
end_of_record
