TN:
SF:controllers\favoriteController.js
FN:7,(anonymous_0)
FN:28,(anonymous_1)
FN:48,(anonymous_2)
FNF:3
FNH:3
FNDA:6,(anonymous_0)
FNDA:3,(anonymous_1)
FNDA:8,(anonymous_2)
DA:1,2
DA:2,2
DA:3,2
DA:8,6
DA:9,6
DA:10,6
DA:12,6
DA:13,3
DA:15,3
DA:19,1
DA:24,5
DA:29,3
DA:30,3
DA:31,3
DA:39,2
DA:44,1
DA:49,8
DA:50,8
DA:51,8
DA:52,8
DA:54,8
DA:55,3
DA:57,5
DA:61,4
DA:62,2
DA:64,2
DA:65,1
DA:70,7
DA:74,2
LF:29
LH:29
BRDA:12,0,0,3
BRDA:12,0,1,3
BRDA:12,1,0,6
BRDA:12,1,1,6
BRDA:12,1,2,5
BRDA:54,2,0,3
BRDA:54,2,1,5
BRDA:54,3,0,8
BRDA:54,3,1,6
BRDA:54,3,2,6
BRDA:61,4,0,2
BRDA:61,4,1,2
BRF:12
BRH:12
end_of_record
TN:
SF:controllers\leagueController.js
FN:6,(anonymous_0)
FN:18,(anonymous_1)
FN:45,(anonymous_2)
FN:84,(anonymous_3)
FNF:4
FNH:4
FNDA:2,(anonymous_0)
FNDA:6,(anonymous_1)
FNDA:11,(anonymous_2)
FNDA:5,(anonymous_3)
DA:1,2
DA:2,2
DA:3,2
DA:7,2
DA:8,2
DA:9,1
DA:14,1
DA:19,6
DA:20,6
DA:22,6
DA:23,3
DA:26,3
DA:30,3
DA:32,2
DA:33,1
DA:36,1
DA:41,5
DA:46,11
DA:47,11
DA:49,11
DA:50,1
DA:53,10
DA:54,1
DA:57,9
DA:64,9
DA:65,1
DA:69,8
DA:70,8
DA:76,1
DA:79,7
DA:80,2
DA:83,5
DA:85,5
DA:89,5
DA:90,1
DA:95,4
DA:102,3
DA:108,8
DA:113,2
LF:39
LH:39
BRDA:22,0,0,3
BRDA:22,0,1,3
BRDA:22,1,0,6
BRDA:22,1,1,6
BRDA:22,1,2,5
BRDA:32,2,0,1
BRDA:32,2,1,1
BRDA:49,3,0,1
BRDA:49,3,1,10
BRDA:53,4,0,1
BRDA:53,4,1,9
BRDA:64,5,0,1
BRDA:64,5,1,8
BRDA:79,6,0,2
BRDA:79,6,1,5
BRDA:79,7,0,7
BRDA:79,7,1,6
BRDA:85,8,0,5
BRDA:85,8,1,4
BRDA:89,9,0,1
BRDA:89,9,1,4
BRDA:99,10,0,4
BRDA:99,10,1,1
BRF:23
BRH:23
end_of_record
TN:
SF:controllers\matchController.js
FN:9,(anonymous_0)
FN:84,(anonymous_1)
FN:145,(anonymous_2)
FN:314,(anonymous_3)
FN:349,(anonymous_4)
FN:386,(anonymous_5)
FN:402,(anonymous_6)
FN:403,(anonymous_7)
FN:443,(anonymous_8)
FN:463,(anonymous_9)
FNF:10
FNH:10
FNDA:6,(anonymous_0)
FNDA:6,(anonymous_1)
FNDA:7,(anonymous_2)
FNDA:4,(anonymous_3)
FNDA:6,(anonymous_4)
FNDA:4,(anonymous_5)
FNDA:2,(anonymous_6)
FNDA:2,(anonymous_7)
FNDA:1,(anonymous_8)
FNDA:4,(anonymous_9)
DA:1,2
DA:2,2
DA:3,2
DA:4,2
DA:5,2
DA:10,6
DA:11,6
DA:16,6
DA:31,6
DA:32,1
DA:36,5
DA:37,2
DA:43,3
DA:60,3
DA:61,2
DA:62,2
DA:64,1
DA:65,1
DA:67,1
DA:76,1
DA:80,3
DA:85,6
DA:86,6
DA:91,6
DA:106,6
DA:107,1
DA:110,5
DA:111,2
DA:115,3
DA:131,3
DA:132,2
DA:133,2
DA:134,2
DA:135,2
DA:136,2
DA:137,1
DA:141,3
DA:146,7
DA:147,7
DA:148,7
DA:150,7
DA:151,1
DA:154,6
DA:155,6
DA:156,1
DA:160,5
DA:163,5
DA:166,5
DA:169,5
DA:170,1
DA:171,0
DA:173,1
DA:178,5
DA:179,2
DA:181,2
DA:183,2
DA:191,1
DA:194,1
DA:202,1
DA:203,1
DA:205,1
DA:209,1
DA:214,4
DA:215,2
DA:237,1
DA:244,2
DA:245,2
DA:246,2
DA:249,2
DA:268,2
DA:293,2
DA:294,2
DA:295,2
DA:297,2
DA:310,4
DA:315,4
DA:316,4
DA:317,4
DA:318,4
DA:319,1
DA:321,3
DA:336,2
DA:337,1
DA:339,1
DA:345,3
DA:350,6
DA:351,6
DA:353,6
DA:354,1
DA:357,5
DA:358,5
DA:359,1
DA:364,4
DA:365,4
DA:374,1
DA:377,3
DA:378,1
DA:382,2
DA:386,2
DA:387,4
DA:388,4
DA:391,2
DA:397,2
DA:399,2
DA:401,2
DA:402,2
DA:404,2
DA:405,2
DA:407,2
DA:408,2
DA:409,2
DA:426,2
DA:428,2
DA:430,2
DA:442,1
DA:443,1
DA:445,1
DA:448,1
DA:451,2
DA:459,4
DA:464,4
DA:465,4
DA:468,4
DA:470,4
DA:472,4
DA:473,1
DA:478,4
DA:499,4
DA:500,4
DA:503,4
DA:504,2
DA:505,2
DA:506,2
DA:508,2
DA:509,2
DA:511,2
DA:512,2
DA:513,2
DA:515,2
DA:529,2
DA:531,1
DA:543,1
DA:548,2
LF:143
LH:142
BRDA:31,0,0,1
BRDA:31,0,1,5
BRDA:36,1,0,2
BRDA:36,1,1,3
BRDA:36,2,0,5
BRDA:36,2,1,1
BRDA:36,2,2,4
BRDA:106,3,0,1
BRDA:106,3,1,5
BRDA:110,4,0,2
BRDA:110,4,1,3
BRDA:110,5,0,5
BRDA:110,5,1,1
BRDA:110,5,2,4
BRDA:150,6,0,1
BRDA:150,6,1,6
BRDA:150,7,0,7
BRDA:150,7,1,6
BRDA:155,8,0,1
BRDA:155,8,1,5
BRDA:163,9,0,5
BRDA:163,9,1,4
BRDA:163,9,2,2
BRDA:163,9,3,2
BRDA:169,10,0,1
BRDA:169,10,1,4
BRDA:169,11,0,5
BRDA:169,11,1,1
BRDA:170,12,0,0
BRDA:170,12,1,1
BRDA:178,13,0,2
BRDA:178,13,1,3
BRDA:183,14,0,1
BRDA:183,14,1,1
BRDA:184,15,0,2
BRDA:184,15,1,2
BRDA:184,15,2,1
BRDA:184,15,3,1
BRDA:184,15,4,1
BRDA:184,15,5,1
BRDA:214,16,0,2
BRDA:214,16,1,2
BRDA:244,17,0,2
BRDA:244,17,1,0
BRDA:245,18,0,2
BRDA:245,18,1,1
BRDA:318,19,0,1
BRDA:318,19,1,3
BRDA:318,20,0,4
BRDA:318,20,1,3
BRDA:336,21,0,1
BRDA:336,21,1,1
BRDA:353,22,0,1
BRDA:353,22,1,5
BRDA:353,23,0,6
BRDA:353,23,1,6
BRDA:358,24,0,1
BRDA:358,24,1,4
BRDA:368,25,0,4
BRDA:368,25,1,0
BRDA:377,26,0,1
BRDA:377,26,1,2
BRDA:377,27,0,3
BRDA:377,27,1,2
BRDA:407,28,0,2
BRDA:407,28,1,0
BRDA:407,29,0,2
BRDA:407,29,1,2
BRDA:407,29,2,2
BRDA:408,30,0,2
BRDA:408,30,1,0
BRDA:413,31,0,2
BRDA:413,31,1,1
BRDA:414,32,0,2
BRDA:414,32,1,1
BRDA:417,33,0,2
BRDA:417,33,1,1
BRDA:418,34,0,2
BRDA:418,34,1,2
BRDA:428,35,0,2
BRDA:428,35,1,0
BRDA:468,36,0,4
BRDA:468,36,1,3
BRDA:468,36,2,2
BRDA:472,37,0,1
BRDA:472,37,1,3
BRDA:503,38,0,2
BRDA:503,38,1,2
BRDA:504,39,0,2
BRDA:504,39,1,1
BRDA:505,40,0,2
BRDA:505,40,1,1
BRF:92
BRH:86
end_of_record
TN:
SF:controllers\playerController.js
FN:5,(anonymous_0)
FN:18,(anonymous_1)
FNF:2
FNH:2
FNDA:4,(anonymous_0)
FNDA:18,(anonymous_1)
DA:1,1
DA:2,1
DA:6,4
DA:7,4
DA:9,2
DA:14,2
DA:19,18
DA:20,18
DA:21,18
DA:23,18
DA:24,2
DA:27,16
DA:35,15
DA:36,2
DA:39,13
DA:54,11
DA:59,7
DA:64,1
LF:18
LH:18
BRDA:23,0,0,2
BRDA:23,0,1,16
BRDA:23,1,0,18
BRDA:23,1,1,16
BRDA:35,2,0,2
BRDA:35,2,1,13
BRF:6
BRH:6
end_of_record
TN:
SF:controllers\teamController.js
FN:14,(anonymous_0)
FN:49,(anonymous_1)
FN:86,(anonymous_2)
FN:173,(anonymous_3)
FN:202,(anonymous_4)
FN:240,(anonymous_5)
FN:247,(anonymous_6)
FN:281,(anonymous_7)
FN:290,(anonymous_8)
FN:294,(anonymous_9)
FN:331,(anonymous_10)
FN:349,(anonymous_11)
FN:393,(anonymous_12)
FN:414,(anonymous_13)
FNF:14
FNH:14
FNDA:6,(anonymous_0)
FNDA:2,(anonymous_1)
FNDA:10,(anonymous_2)
FNDA:6,(anonymous_3)
FNDA:6,(anonymous_4)
FNDA:2,(anonymous_5)
FNDA:2,(anonymous_6)
FNDA:1,(anonymous_7)
FNDA:1,(anonymous_8)
FNDA:1,(anonymous_9)
FNDA:1,(anonymous_10)
FNDA:5,(anonymous_11)
FNDA:3,(anonymous_12)
FNDA:9,(anonymous_13)
DA:1,2
DA:2,2
DA:3,2
DA:4,2
DA:5,2
DA:6,2
DA:7,2
DA:15,6
DA:16,6
DA:17,6
DA:20,6
DA:21,6
DA:22,1
DA:29,5
DA:30,4
DA:37,1
DA:38,1
DA:41,1
DA:42,0
DA:49,1
DA:50,2
DA:51,2
DA:54,2
DA:58,2
DA:65,1
DA:68,1
DA:69,1
DA:71,1
DA:82,0
DA:87,10
DA:94,10
DA:96,10
DA:98,10
DA:99,3
DA:108,10
DA:109,2
DA:116,10
DA:118,10
DA:129,10
DA:130,10
DA:133,10
DA:134,7
DA:135,7
DA:136,7
DA:137,7
DA:139,7
DA:140,7
DA:141,7
DA:143,7
DA:156,3
DA:158,2
DA:169,1
DA:174,6
DA:175,6
DA:177,6
DA:178,3
DA:181,3
DA:192,2
DA:193,1
DA:196,1
DA:198,5
DA:203,6
DA:204,6
DA:206,6
DA:207,0
DA:210,6
DA:211,5
DA:212,1
DA:216,4
DA:217,4
DA:224,1
DA:227,3
DA:228,1
DA:231,2
DA:237,2
DA:239,2
DA:240,2
DA:241,2
DA:242,2
DA:247,2
DA:265,2
DA:281,1
DA:284,1
DA:287,1
DA:288,1
DA:290,1
DA:292,1
DA:294,1
DA:295,1
DA:296,1
DA:314,1
DA:316,1
DA:318,1
DA:330,1
DA:331,1
DA:335,1
DA:336,1
DA:339,2
DA:345,4
DA:350,5
DA:351,5
DA:354,5
DA:355,5
DA:356,1
DA:363,4
DA:364,4
DA:365,1
DA:372,3
DA:373,3
DA:374,1
DA:381,2
DA:384,2
DA:385,2
DA:386,2
DA:393,3
DA:396,2
DA:398,2
DA:409,0
DA:415,9
DA:416,9
DA:417,9
DA:418,2
DA:420,7
DA:421,7
DA:422,2
DA:425,5
DA:439,5
DA:440,2
DA:445,3
DA:446,2
DA:448,2
DA:452,5
DA:457,2
LF:133
LH:129
BRDA:21,0,0,1
BRDA:21,0,1,5
BRDA:29,1,0,4
BRDA:29,1,1,1
BRDA:29,2,0,5
BRDA:29,2,1,5
BRDA:37,3,0,1
BRDA:37,3,1,0
BRDA:41,4,0,0
BRDA:41,4,1,1
BRDA:91,5,0,9
BRDA:92,6,0,7
BRDA:93,7,0,7
BRDA:98,8,0,3
BRDA:98,8,1,7
BRDA:108,9,0,2
BRDA:108,9,1,8
BRDA:116,10,0,10
BRDA:116,10,1,7
BRDA:116,10,2,6
BRDA:116,10,3,4
BRDA:133,11,0,7
BRDA:133,11,1,3
BRDA:177,12,0,3
BRDA:177,12,1,3
BRDA:177,13,0,6
BRDA:177,13,1,6
BRDA:177,13,2,5
BRDA:192,14,0,1
BRDA:192,14,1,1
BRDA:206,15,0,0
BRDA:206,15,1,6
BRDA:211,16,0,1
BRDA:211,16,1,4
BRDA:220,17,0,4
BRDA:220,17,1,0
BRDA:227,18,0,1
BRDA:227,18,1,2
BRDA:227,19,0,3
BRDA:227,19,1,2
BRDA:241,20,0,2
BRDA:241,20,1,0
BRDA:250,21,0,2
BRDA:250,21,1,1
BRDA:251,22,0,1
BRDA:251,22,1,1
BRDA:252,23,0,2
BRDA:252,23,1,1
BRDA:253,24,0,2
BRDA:253,24,1,1
BRDA:254,25,0,2
BRDA:254,25,1,1
BRDA:255,26,0,2
BRDA:255,26,1,1
BRDA:256,27,0,1
BRDA:256,27,1,1
BRDA:259,28,0,2
BRDA:259,28,1,1
BRDA:288,29,0,1
BRDA:288,29,1,0
BRDA:288,30,0,1
BRDA:288,30,1,1
BRDA:292,31,0,1
BRDA:292,31,1,0
BRDA:295,32,0,1
BRDA:295,32,1,0
BRDA:298,33,0,1
BRDA:298,33,1,0
BRDA:299,34,0,1
BRDA:299,34,1,0
BRDA:301,35,0,1
BRDA:301,35,1,0
BRDA:303,36,0,1
BRDA:303,36,1,0
BRDA:316,37,0,1
BRDA:316,37,1,0
BRDA:355,38,0,1
BRDA:355,38,1,4
BRDA:363,39,0,4
BRDA:363,39,1,0
BRDA:364,40,0,1
BRDA:364,40,1,3
BRDA:373,41,0,1
BRDA:373,41,1,2
BRDA:373,42,0,3
BRDA:373,42,1,3
BRDA:373,42,2,3
BRDA:384,43,0,2
BRDA:384,43,1,0
BRDA:417,44,0,2
BRDA:417,44,1,7
BRDA:417,45,0,9
BRDA:417,45,1,9
BRDA:417,45,2,7
BRDA:421,46,0,2
BRDA:421,46,1,5
BRDA:435,47,0,5
BRDA:435,47,1,1
BRDA:439,48,0,2
BRDA:439,48,1,3
BRF:100
BRH:85
end_of_record
TN:
SF:controllers\userController.js
FN:8,(anonymous_0)
FN:49,(anonymous_1)
FN:73,(anonymous_2)
FN:123,(anonymous_3)
FNF:4
FNH:4
FNDA:9,(anonymous_0)
FNDA:15,(anonymous_1)
FNDA:10,(anonymous_2)
FNDA:4,(anonymous_3)
DA:1,2
DA:2,2
DA:3,2
DA:4,2
DA:5,2
DA:9,9
DA:10,9
DA:11,9
DA:12,3
DA:14,6
DA:15,6
DA:19,4
DA:22,4
DA:32,3
DA:45,6
DA:50,15
DA:51,15
DA:53,15
DA:59,2
DA:69,13
DA:74,10
DA:75,10
DA:77,10
DA:78,3
DA:81,7
DA:82,6
DA:83,1
DA:90,5
DA:91,4
DA:92,1
DA:99,3
DA:105,2
DA:118,6
DA:124,4
DA:125,4
DA:126,4
DA:128,3
DA:129,1
DA:132,2
DA:137,2
DA:142,2
LF:41
LH:41
BRDA:11,0,0,3
BRDA:11,0,1,6
BRDA:77,1,0,3
BRDA:77,1,1,7
BRDA:77,2,0,10
BRDA:77,2,1,8
BRDA:82,3,0,1
BRDA:82,3,1,5
BRDA:91,4,0,1
BRDA:91,4,1,3
BRDA:128,5,0,1
BRDA:128,5,1,2
BRF:12
BRH:12
end_of_record
TN:
SF:helpers\aiGenerate.js
FN:4,generateAi
FNF:1
FNH:1
FNDA:12,generateAi
DA:1,3
DA:2,3
DA:5,12
DA:10,12
DA:13,3
LF:5
LH:5
BRDA:10,0,0,12
BRDA:10,0,1,12
BRF:2
BRH:2
end_of_record
TN:
SF:helpers\bcrypt.js
FN:5,(anonymous_0)
FN:10,(anonymous_1)
FNF:2
FNH:2
FNDA:13,(anonymous_0)
FNDA:10,(anonymous_1)
DA:1,5
DA:2,5
DA:4,5
DA:6,13
DA:7,13
DA:11,10
LF:6
LH:6
BRF:0
BRH:0
end_of_record
TN:
SF:helpers\customErrors.js
FN:6,(anonymous_0)
FN:15,(anonymous_1)
FN:23,(anonymous_2)
FN:31,(anonymous_3)
FN:38,(anonymous_4)
FN:45,(anonymous_5)
FN:53,(anonymous_6)
FNF:7
FNH:7
FNDA:108,(anonymous_0)
FNDA:8,(anonymous_1)
FNDA:27,(anonymous_2)
FNDA:12,(anonymous_3)
FNDA:6,(anonymous_4)
FNDA:8,(anonymous_5)
FNDA:41,(anonymous_6)
DA:7,108
DA:8,108
DA:9,108
DA:10,108
DA:16,8
DA:17,8
DA:18,8
DA:24,27
DA:25,27
DA:26,27
DA:32,12
DA:33,12
DA:39,6
DA:40,6
DA:46,8
DA:47,8
DA:48,8
DA:54,41
DA:55,41
DA:56,41
DA:60,9
LF:21
LH:21
BRDA:6,0,0,5
BRDA:15,1,0,3
BRDA:15,2,0,4
BRDA:23,3,0,3
BRDA:23,4,0,24
BRDA:31,5,0,3
BRDA:38,6,0,3
BRDA:45,7,0,3
BRDA:45,8,0,5
BRDA:53,9,0,3
BRDA:53,10,0,37
BRF:11
BRH:11
end_of_record
TN:
SF:helpers\http.js
FNF:0
FNH:0
DA:1,2
DA:3,2
DA:10,2
LF:3
LH:3
BRF:0
BRH:0
end_of_record
TN:
SF:helpers\jwt.js
FN:5,(anonymous_0)
FN:8,(anonymous_1)
FNF:2
FNH:2
FNDA:1,(anonymous_0)
FNDA:2,(anonymous_1)
DA:1,2
DA:2,2
DA:4,2
DA:6,1
DA:9,2
LF:5
LH:5
BRF:0
BRH:0
end_of_record
TN:
SF:middlewares\adminOnly.js
FN:7,(anonymous_0)
FNF:1
FNH:1
FNDA:39,(anonymous_0)
DA:1,5
DA:7,5
DA:8,39
DA:9,39
DA:10,1
DA:12,38
DA:13,5
DA:16,33
DA:18,6
DA:22,5
LF:10
LH:10
BRDA:9,0,0,1
BRDA:9,0,1,38
BRDA:12,1,0,5
BRDA:12,1,1,33
BRF:4
BRH:4
end_of_record
TN:
SF:middlewares\authenticate.js
FN:4,(anonymous_0)
FNF:1
FNH:1
FNDA:90,(anonymous_0)
DA:1,7
DA:2,7
DA:4,7
DA:5,90
DA:6,90
DA:8,89
DA:9,9
DA:11,80
DA:12,80
DA:13,79
DA:14,74
DA:15,16
DA:17,58
DA:18,58
DA:20,32
DA:24,7
LF:16
LH:16
BRDA:8,0,0,9
BRDA:8,0,1,80
BRDA:14,1,0,16
BRDA:14,1,1,58
BRF:4
BRH:4
end_of_record
TN:
SF:middlewares\errorHandling.js
FN:1,(anonymous_0)
FN:6,(anonymous_1)
FN:15,(anonymous_2)
FNF:3
FNH:3
FNDA:156,(anonymous_0)
FNDA:3,(anonymous_1)
FNDA:15,(anonymous_2)
DA:1,9
DA:2,156
DA:4,4
DA:6,3
DA:11,4
DA:13,14
DA:15,15
DA:20,13
DA:22,26
DA:23,26
DA:25,1
DA:26,1
DA:28,1
DA:29,1
DA:31,18
DA:32,18
DA:34,37
DA:35,37
DA:37,8
DA:38,8
DA:40,2
DA:41,2
DA:43,3
DA:44,3
DA:46,1
DA:47,1
DA:49,41
DA:50,41
DA:54,9
LF:29
LH:29
BRDA:2,0,0,4
BRDA:2,0,1,14
BRDA:2,0,2,26
BRDA:2,0,3,1
BRDA:2,0,4,1
BRDA:2,0,5,18
BRDA:2,0,6,37
BRDA:2,0,7,8
BRDA:2,0,8,2
BRDA:2,0,9,3
BRDA:2,0,10,1
BRDA:2,0,11,41
BRDA:37,1,0,8
BRDA:37,1,1,1
BRDA:40,2,0,2
BRDA:40,2,1,1
BRDA:43,3,0,3
BRDA:43,3,1,1
BRF:18
BRH:18
end_of_record
